
/home/runner/work/exp-partial-differential-equations-hyperbolic-equation-iitb/exp-partial-differential-equations-hyperbolic-equation-iitb/experiment/simulation/common_libraries/js/ts_components/collapse_step.js
   1:10  warning  'show_step' is defined but never used                 no-unused-vars
   2:5   warning  '$' is not defined                                    no-undef
   3:9   warning  '$' is not defined                                    no-undef
   6:10  warning  'hide_step' is defined but never used                 no-unused-vars
   7:5   warning  '$' is not defined                                    no-undef
   8:9   warning  '$' is not defined                                    no-undef
  11:10  warning  'get_collapse_btn_text' is defined but never used     no-unused-vars
  20:10  warning  'get_collapse_btn_element' is defined but never used  no-unused-vars
  29:10  warning  'hide_all_steps' is defined but never used            no-unused-vars
  31:9   warning  '$' is not defined                                    no-undef

/home/runner/work/exp-partial-differential-equations-hyperbolic-equation-iitb/exp-partial-differential-equations-hyperbolic-equation-iitb/experiment/simulation/common_libraries/js/ts_components/matrix.js
   27:26  warning  'MathJax' is not defined                                no-undef
   32:7   warning  'Matrix_Without_String' is defined but never used       no-unused-vars
   52:26  warning  'MathJax' is not defined                                no-undef
   56:10  warning  'get_matrix_html' is defined but never used             no-unused-vars
   87:13  warning  'row_html' is assigned a value but never used           no-unused-vars
   99:10  warning  'get_matrix_html_with_title' is defined but never used  no-unused-vars
  131:13  warning  'row_html' is assigned a value but never used           no-unused-vars
  143:10  warning  'convert_2d_to_1d_vector' is defined but never used     no-unused-vars
  156:10  warning  'convert_1d_to_2d_matrix' is defined but never used     no-unused-vars

/home/runner/work/exp-partial-differential-equations-hyperbolic-equation-iitb/exp-partial-differential-equations-hyperbolic-equation-iitb/experiment/simulation/common_libraries/js/ts_components/pannel.js
  8:7  warning  'Pannel' is defined but never used  no-unused-vars

/home/runner/work/exp-partial-differential-equations-hyperbolic-equation-iitb/exp-partial-differential-equations-hyperbolic-equation-iitb/experiment/simulation/common_libraries/js/ts_components/questions.js
   6:17  warning  'op1' is assigned a value but never used      no-unused-vars
   7:17  warning  'op2' is assigned a value but never used      no-unused-vars
   8:17  warning  'op3' is assigned a value but never used      no-unused-vars
   9:17  warning  'op4' is assigned a value but never used      no-unused-vars
  94:7   warning  'Question_Options' is defined but never used  no-unused-vars

/home/runner/work/exp-partial-differential-equations-hyperbolic-equation-iitb/exp-partial-differential-equations-hyperbolic-equation-iitb/experiment/simulation/common_libraries/js/ts_components/tables.js
   19:22  warning  'verify_values' is not defined                                     no-undef
  137:22  warning  'verify_values' is not defined                                     no-undef
  260:7   warning  'Verify_Rows_Cols_6_decimal_places' is defined but never used      no-unused-vars
  311:22  warning  'verify_values' is not defined                                     no-undef
  416:7   warning  'Verify_Rows_Cols_Custom_Fixed_Update1' is defined but never used  no-unused-vars
  468:7   warning  'Show_Table_Custom_Fixed' is defined but never used                no-unused-vars
  506:7   warning  'Verify_Rows_Cols_Strings' is defined but never used               no-unused-vars
  527:22  warning  'verify_values' is not defined                                     no-undef
  663:7   warning  'Display_Table' is defined but never used                          no-unused-vars

/home/runner/work/exp-partial-differential-equations-hyperbolic-equation-iitb/exp-partial-differential-equations-hyperbolic-equation-iitb/experiment/simulation/common_libraries/js/ts_math_library/general_math_functions.js
    1:10  warning  'verify_values' is defined but never used                   no-unused-vars
   17:10  warning  'random1' is defined but never used                         no-unused-vars
   21:10  warning  'std_deviation' is defined but never used                   no-unused-vars
   26:10  warning  'gauss' is defined but never used                           no-unused-vars
   56:10  warning  'hide_panel' is defined but never used                      no-unused-vars
   63:10  warning  'inverse_matrix' is defined but never used                  no-unused-vars
   96:10  warning  'matrix_multiplication' is defined but never used           no-unused-vars
  113:10  warning  'transpose_matrix' is defined but never used                no-unused-vars
  123:10  warning  'matrix_multiplication_8decimal' is defined but never used  no-unused-vars
  140:10  warning  'adjoint_2x2_matrix' is defined but never used              no-unused-vars
  145:10  warning  'find_deteminant' is defined but never used                 no-unused-vars
  174:10  warning  'get_Submatrix' is defined but never used                   no-unused-vars

/home/runner/work/exp-partial-differential-equations-hyperbolic-equation-iitb/exp-partial-differential-equations-hyperbolic-equation-iitb/experiment/simulation/common_libraries/js/ts_math_library/regression.js
   1:10  warning  'regression_linear' is defined but never used            no-unused-vars
  18:10  warning  'regression_linear_1variable' is defined but never used  no-unused-vars
  27:10  warning  'regression_linear_2variable' is defined but never used  no-unused-vars
  52:11  warning  'gauss' is not defined                                   no-undef

/home/runner/work/exp-partial-differential-equations-hyperbolic-equation-iitb/exp-partial-differential-equations-hyperbolic-equation-iitb/experiment/simulation/common_libraries/math.ob.js
  1:745  warning  'b' is already defined  no-redeclare

/home/runner/work/exp-partial-differential-equations-hyperbolic-equation-iitb/exp-partial-differential-equations-hyperbolic-equation-iitb/experiment/simulation/js/activity1.js
   14:9   warning  'MathJax' is not defined                                no-undef
   18:10  warning  'start_act1' is defined but never used                  no-unused-vars
   23:20  warning  'get_collapse_btn_text' is not defined                  no-undef
   33:34  warning  Unnecessary escape character: \∂                        no-useless-escape
   33:51  warning  Unnecessary escape character: \∂                        no-useless-escape
   33:59  warning  Unnecessary escape character: \∂                        no-useless-escape
   36:21  warning  'a' is not defined                                      no-undef
   36:48  warning  Unnecessary escape character: \∂                        no-useless-escape
   36:65  warning  Unnecessary escape character: \∂                        no-useless-escape
   36:73  warning  Unnecessary escape character: \∂                        no-useless-escape
   43:48  warning  'p' is not defined                                      no-undef
   45:17  warning  Unnecessary escape character: \∂                        no-useless-escape
   45:23  warning  Unnecessary escape character: \∂                        no-useless-escape
   46:79  warning  'dist_at' is not defined                                no-undef
   53:16  warning  Unnecessary escape character: \∂                        no-useless-escape
   53:22  warning  Unnecessary escape character: \∂                        no-useless-escape
  133:5   warning  'hide_all_steps' is not defined                         no-undef
  135:9   warning  'MathJax' is not defined                                no-undef
  138:9   warning  'show_step' is not defined                              no-undef
  141:10  warning  'a1_verify_k' is defined but never used                 no-unused-vars
  143:17  warning  'k' is not defined                                      no-undef
  144:10  warning  'verify_values' is not defined                          no-undef
  144:49  warning  'k' is not defined                                      no-undef
  157:24  warning  'k' is not defined                                      no-undef
  165:9   warning  'table_data' is not defined                             no-undef
  183:19  warning  'Verify_Rows_Cols_Custom_Fixed_Update1' is not defined  no-undef
  183:65  warning  'table_data' is not defined                             no-undef
  186:9   warning  'MathJax' is not defined                                no-undef
  192:5   warning  'p' is not defined                                      no-undef
  193:5   warning  'a' is not defined                                      no-undef
  194:5   warning  'k' is not defined                                      no-undef
  195:5   warning  'table_data' is not defined                             no-undef
  196:5   warning  'p' is not defined                                      no-undef
  196:9   warning  'random1' is not defined                                no-undef
  197:5   warning  'a' is not defined                                      no-undef
  197:9   warning  'random1' is not defined                                no-undef
  198:5   warning  'k' is not defined                                      no-undef
  198:9   warning  'h' is not defined                                      no-undef
  198:13  warning  'a' is not defined                                      no-undef
  199:17  warning  'a' is not defined                                      no-undef
  199:20  warning  'k' is not defined                                      no-undef
  200:16  warning  'k' is not defined                                      no-undef
  203:22  warning  'k' is not defined                                      no-undef
  205:29  warning  'k' is not defined                                      no-undef
  207:13  warning  'dist_at' is not defined                                no-undef
  210:13  warning  'dist_at' is not defined                                no-undef
  212:13  warning  'dist_at' is not defined                                no-undef
  212:23  warning  'k' is not defined                                      no-undef
  218:26  warning  'k' is not defined                                      no-undef
  224:48  warning  'p' is not defined                                      no-undef
  227:31  warning  'table_data' is not defined                             no-undef
  227:58  warning  'table_data' is not defined                             no-undef
  231:30  warning  'table_data' is not defined                             no-undef
  232:25  warning  'table_data' is not defined                             no-undef
  233:25  warning  'table_data' is not defined                             no-undef
  236:13  warning  'table_data' is not defined                             no-undef
  240:13  warning  'dist_at' is not defined                                no-undef
  240:23  warning  'k' is not defined                                      no-undef
  246:26  warning  'k' is not defined                                      no-undef
  252:48  warning  'p' is not defined                                      no-undef
  255:31  warning  'table_data' is not defined                             no-undef
  255:58  warning  'table_data' is not defined                             no-undef
  259:30  warning  'table_data' is not defined                             no-undef
  260:25  warning  'table_data' is not defined                             no-undef
  261:25  warning  'table_data' is not defined                             no-undef
  264:13  warning  'table_data' is not defined                             no-undef

/home/runner/work/exp-partial-differential-equations-hyperbolic-equation-iitb/exp-partial-differential-equations-hyperbolic-equation-iitb/experiment/simulation/js/data.js
  1:5  warning  'a' is assigned a value but never used           no-unused-vars
  2:5  warning  'h' is assigned a value but never used           no-unused-vars
  4:5  warning  'k' is defined but never used                    no-unused-vars
  5:5  warning  'table_data' is assigned a value but never used  no-unused-vars
  6:5  warning  'dist_at' is assigned a value but never used     no-unused-vars
  8:5  warning  'p' is assigned a value but never used           no-unused-vars

/home/runner/work/exp-partial-differential-equations-hyperbolic-equation-iitb/exp-partial-differential-equations-hyperbolic-equation-iitb/experiment/simulation/js/screen_size.js
  1:10  warning  'set_screen_size' is defined but never used  no-unused-vars

✖ 124 problems (0 errors, 124 warnings)

